<?xml version="1.0" encoding="UTF-8"?>
<robot generator="Robot 4.1.1 (Python 3.7.5 on win32)" generated="20211014 15:41:27.721" rpa="true" schemaversion="2">
<suite id="s1" name="Tasks" source="c:\Users\luuka\Downloads\Certificate II (2)\Certificate II\tasks.robot">
<test id="s1-t1" name="Order robots from RobotSpareBin Industries Inc">
<kw name="Starting dialog">
<var>${link}</var>
<kw name="Add heading" library="RPA.Dialogs">
<arg>Tell the order.csv file link</arg>
<doc>Add a centered heading text element</doc>
<status status="PASS" starttime="20211014 15:41:29.709" endtime="20211014 15:41:29.710"/>
</kw>
<kw name="Add text input" library="RPA.Dialogs">
<arg>name</arg>
<arg>label=order.csv liNK</arg>
<tag>input</tag>
<doc>Add a text input element</doc>
<status status="PASS" starttime="20211014 15:41:29.711" endtime="20211014 15:41:29.713"/>
</kw>
<kw name="Run dialog" library="RPA.Dialogs">
<var>${link}</var>
<tag>dialog</tag>
<doc>Create a dialog from all the defined elements and block
until the user has handled it.</doc>
<msg timestamp="20211014 15:41:29.715" level="INFO">Protecting keyword: RPA.Dialogs.Run dialog</msg>
<msg timestamp="20211014 15:41:33.944" level="INFO">Log level changed from NONE to INFO.</msg>
<status status="PASS" starttime="20211014 15:41:29.714" endtime="20211014 15:41:33.942"/>
</kw>
<kw name="Log" library="BuiltIn">
<arg>The link is: ${link.name}</arg>
<doc>Logs the given message with the given level.</doc>
<msg timestamp="20211014 15:41:33.949" level="INFO">The link is: aasd</msg>
<status status="PASS" starttime="20211014 15:41:33.945" endtime="20211014 15:41:33.949"/>
</kw>
<msg timestamp="20211014 15:41:33.953" level="INFO">${link} = aasd</msg>
<status status="PASS" starttime="20211014 15:41:29.706" endtime="20211014 15:41:33.953"/>
</kw>
<kw name="Open the robot order website">
<kw name="Get Secret" library="RPA.Robocorp.Vault">
<var>${secret}</var>
<arg>Order website URL</arg>
<doc>Read a secret from the configured source, e.g. Robocorp Vault,
and return it as a ``Secret`` object.</doc>
<msg timestamp="20211014 15:41:33.957" level="INFO">Protecting keyword: RPA.Robocorp.Vault.Get Secret</msg>
<msg timestamp="20211014 15:41:33.965" level="INFO">Log level changed from NONE to INFO.</msg>
<status status="FAIL" starttime="20211014 15:41:33.956" endtime="20211014 15:41:33.964"/>
</kw>
<kw name="Open Chrome Browser" library="RPA.Browser.Selenium">
<arg>${secret}[URL]</arg>
<doc>Open Chrome browser. See ``Open Available Browser`` for
descriptions of arguments.</doc>
<status status="NOT RUN" starttime="20211014 15:41:33.967" endtime="20211014 15:41:33.968"/>
</kw>
<status status="FAIL" starttime="20211014 15:41:33.954" endtime="20211014 15:41:33.972"/>
</kw>
<kw name="Get orders">
<var>${orders}</var>
<arg>${link}</arg>
<status status="NOT RUN" starttime="20211014 15:41:33.974" endtime="20211014 15:41:33.975"/>
</kw>
<for flavor="IN">
<var>${row}</var>
<value>@{orders}</value>
<iter>
<var name="${row}">${row}</var>
<kw name="Log" library="BuiltIn">
<arg>${row}</arg>
<doc>Logs the given message with the given level.</doc>
<status status="NOT RUN" starttime="20211014 15:41:33.978" endtime="20211014 15:41:33.979"/>
</kw>
<kw name="Close modal">
<status status="NOT RUN" starttime="20211014 15:41:33.980" endtime="20211014 15:41:33.981"/>
</kw>
<kw name="Fill the form">
<arg>${row}</arg>
<status status="NOT RUN" starttime="20211014 15:41:33.982" endtime="20211014 15:41:33.982"/>
</kw>
<kw name="Preview the robot">
<status status="NOT RUN" starttime="20211014 15:41:33.983" endtime="20211014 15:41:33.984"/>
</kw>
<kw name="Submit the order">
<status status="NOT RUN" starttime="20211014 15:41:33.985" endtime="20211014 15:41:33.985"/>
</kw>
<kw name="Store the receipt as a PDF file">
<var>${pdf}</var>
<arg>${row}[Order number]</arg>
<status status="NOT RUN" starttime="20211014 15:41:33.986" endtime="20211014 15:41:33.987"/>
</kw>
<kw name="Take a screenshot of the robot">
<var>${screenshot}</var>
<arg>${row}[Order number]</arg>
<status status="NOT RUN" starttime="20211014 15:41:33.988" endtime="20211014 15:41:33.989"/>
</kw>
<kw name="Embed the robot screenshot to the receipt PDF file">
<arg>${screenshot}</arg>
<arg>${pdf}</arg>
<arg>${row}</arg>
<status status="NOT RUN" starttime="20211014 15:41:33.989" endtime="20211014 15:41:33.990"/>
</kw>
<kw name="Go to order another robot">
<status status="NOT RUN" starttime="20211014 15:41:33.991" endtime="20211014 15:41:33.992"/>
</kw>
<status status="NOT RUN" starttime="20211014 15:41:33.976" endtime="20211014 15:41:33.993"/>
</iter>
<status status="NOT RUN" starttime="20211014 15:41:33.975" endtime="20211014 15:41:33.994"/>
</for>
<kw name="Create a ZIP file of the receipts">
<status status="NOT RUN" starttime="20211014 15:41:33.995" endtime="20211014 15:41:33.995"/>
</kw>
<kw name="Success dialog">
<status status="NOT RUN" starttime="20211014 15:41:33.996" endtime="20211014 15:41:33.997"/>
</kw>
<status status="FAIL" starttime="20211014 15:41:29.702" endtime="20211014 15:41:33.999">KeyError: 'Undefined secret: Order website URL'</status>
</test>
<doc>Orders robots from RobotSpareBin Industries Inc.
Saves the order HTML receipt as a PDF file.
Saves the screenshot of the ordered robot.
Embeds the screenshot of the robot to the PDF receipt.
Creates ZIP archive of the receipts and the images.</doc>
<status status="FAIL" starttime="20211014 15:41:27.727" endtime="20211014 15:41:34.002"/>
</suite>
<statistics>
<total>
<stat pass="0" fail="1" skip="0">All Tasks</stat>
</total>
<tag>
</tag>
<suite>
<stat pass="0" fail="1" skip="0" id="s1" name="Tasks">Tasks</stat>
</suite>
</statistics>
<errors>
<msg timestamp="20211014 15:41:33.960" level="ERROR">Failed to load secrets file: [Errno 2] No such file or directory: 'C:\\Users\\luuka\\Downloads\\Certificate II\\Certificate II\\devdata\\vault.json'</msg>
</errors>
</robot>
